<?xml version="1.0" encoding="UTF-8"?>
<Site BuildName="Linux-c++"
	BuildStamp="20240922-1302-Experimental"
	Name="vivo"
	Generator="ctest-3.30.2"
	CompilerName="/bin/c++"
	CompilerVersion="14.2.1"
	OSName="Linux"
	Hostname="vivo"
	OSRelease="6.10.6-arch1-1"
	OSVersion="#1 SMP PREEMPT_DYNAMIC Mon, 19 Aug 2024 17:02:39 +0000"
	OSPlatform="x86_64"
	Is64Bits="1"
	VendorString="AuthenticAMD"
	VendorID="Advanced Micro Devices"
	FamilyID="25"
	ModelID="80"
	ProcessorCacheSize="512"
	NumberOfLogicalCPU="12"
	NumberOfPhysicalCPU="6"
	TotalVirtualMemory="0"
	TotalPhysicalMemory="15392"
	LogicalProcessorsPerPhysical="2"
	ProcessorClockFrequency="3972.07"
	>
	<Testing>
		<StartDateTime>Sep 22 18:04 +05</StartDateTime>
		<StartTestTime>1727010288</StartTestTime>
		<TestList/>
		<EndDateTime>Sep 22 18:04 +05</EndDateTime>
		<EndTestTime>1727010288</EndTestTime>
		<ElapsedMinutes>0</ElapsedMinutes>
	</Testing>
</Site>
